# JRE version: OpenJDK Runtime Environment (17.0.6) (build 17.0.6+0-b2043.56-10027231)
# Java VM: OpenJDK 64-Bit Server VM (17.0.6+0-b2043.56-10027231, mixed mode, tiered, compressed oops, compressed class ptrs, g1 gc, windows-amd64)
GC Precious Log:
 CPUs: 2 total, 2 available
 Memory: 5843M
 Large Page Support: Disabled
 NUMA Support: Disabled
 Compressed Oops: Enabled (32-bit)
 Heap Region Size: 1M
 Heap Min Capacity: 8M
 Heap Initial Capacity: 92M
 Heap Max Capacity: 1462M
 Pre-touch: Disabled
 Parallel Workers: 2
 Concurrent Workers: 1
 Concurrent Refinement Workers: 2
 Periodic GC: Disabled
Heap:
 garbage-first heap   total 96256K, used 62234K [0x00000000a4a00000, 0x0000000100000000)
  region size 1024K, 3 young (3072K), 3 survivors (3072K)
 Metaspace       used 62079K, committed 62400K, reserved 1105920K
  class space    used 7210K, committed 7360K, reserved 1048576K
GC Heap History (20 events):
Event: 50.840 GC heap after
{Heap after GC invocations=38 (full 0):
 garbage-first heap   total 78848K, used 48058K [0x00000000a4a00000, 0x0000000100000000)
  region size 1024K, 1 young (1024K), 1 survivors (1024K)
 Metaspace       used 57953K, committed 58240K, reserved 1105920K
  class space    used 6799K, committed 6912K, reserved 1048576K
}
Event: 57.589 GC heap before
{Heap before GC invocations=38 (full 0):
 garbage-first heap   total 78848K, used 62394K [0x00000000a4a00000, 0x0000000100000000)
  region size 1024K, 15 young (15360K), 1 survivors (1024K)
 Metaspace       used 58187K, committed 58496K, reserved 1105920K
  class space    used 6819K, committed 6976K, reserved 1048576K
}
Event: 57.606 GC heap after
{Heap after GC invocations=39 (full 0):
 garbage-first heap   total 78848K, used 50794K [0x00000000a4a00000, 0x0000000100000000)
  region size 1024K, 2 young (2048K), 2 survivors (2048K)
 Metaspace       used 58187K, committed 58496K, reserved 1105920K
  class space    used 6819K, committed 6976K, reserved 1048576K
}
Event: 59.021 GC heap before
{Heap before GC invocations=40 (full 0):
 garbage-first heap   total 87040K, used 63082K [0x00000000a4a00000, 0x0000000100000000)
  region size 1024K, 14 young (14336K), 2 survivors (2048K)
 Metaspace       used 58376K, committed 58688K, reserved 1105920K
  class space    used 6832K, committed 6976K, reserved 1048576K
}
Event: 59.039 GC heap after
{Heap after GC invocations=41 (full 0):
 garbage-first heap   total 87040K, used 53153K [0x00000000a4a00000, 0x0000000100000000)
  region size 1024K, 2 young (2048K), 2 survivors (2048K)
 Metaspace       used 58376K, committed 58688K, reserved 1105920K
  class space    used 6832K, committed 6976K, reserved 1048576K
}
Event: 59.342 GC heap before
{Heap before GC invocations=41 (full 0):
 garbage-first heap   total 87040K, used 55201K [0x00000000a4a00000, 0x0000000100000000)
  region size 1024K, 4 young (4096K), 2 survivors (2048K)
 Metaspace       used 58424K, committed 58752K, reserved 1105920K
  class space    used 6832K, committed 6976K, reserved 1048576K
}
Event: 59.354 GC heap after
{Heap after GC invocations=42 (full 0):
 garbage-first heap   total 87040K, used 53014K [0x00000000a4a00000, 0x0000000100000000)
  region size 1024K, 1 young (1024K), 1 survivors (1024K)
 Metaspace       used 58424K, committed 58752K, reserved 1105920K
  class space    used 6832K, committed 6976K, reserved 1048576K
}
Event: 60.214 GC heap before
{Heap before GC invocations=42 (full 0):
 garbage-first heap   total 87040K, used 68374K [0x00000000a4a00000, 0x0000000100000000)
  region size 1024K, 16 young (16384K), 1 survivors (1024K)
 Metaspace       used 58592K, committed 58880K, reserved 1105920K
  class space    used 6850K, committed 6976K, reserved 1048576K
}
Event: 60.230 GC heap after
{Heap after GC invocations=43 (full 0):
 garbage-first heap   total 87040K, used 53687K [0x00000000a4a00000, 0x0000000100000000)
  region size 1024K, 2 young (2048K), 2 survivors (2048K)
 Metaspace       used 58592K, committed 58880K, reserved 1105920K
  class space    used 6850K, committed 6976K, reserved 1048576K
}
Event: 60.827 GC heap before
{Heap before GC invocations=43 (full 0):
 garbage-first heap   total 87040K, used 69047K [0x00000000a4a00000, 0x0000000100000000)
  region size 1024K, 17 young (17408K), 2 survivors (2048K)
 Metaspace       used 58596K, committed 58880K, reserved 1105920K
  class space    used 6850K, committed 6976K, reserved 1048576K
}
Event: 60.834 GC heap after
{Heap after GC invocations=44 (full 0):
 garbage-first heap   total 87040K, used 53748K [0x00000000a4a00000, 0x0000000100000000)
  region size 1024K, 2 young (2048K), 2 survivors (2048K)
 Metaspace       used 58596K, committed 58880K, reserved 1105920K
  class space    used 6850K, committed 6976K, reserved 1048576K
}
Event: 61.515 GC heap before
{Heap before GC invocations=44 (full 0):
 garbage-first heap   total 87040K, used 70132K [0x00000000a4a00000, 0x0000000100000000)
  region size 1024K, 18 young (18432K), 2 survivors (2048K)
 Metaspace       used 59032K, committed 59328K, reserved 1105920K
  class space    used 6911K, committed 7040K, reserved 1048576K
}
Event: 61.519 GC heap after
{Heap after GC invocations=45 (full 0):
 garbage-first heap   total 87040K, used 53789K [0x00000000a4a00000, 0x0000000100000000)
  region size 1024K, 2 young (2048K), 2 survivors (2048K)
 Metaspace       used 59032K, committed 59328K, reserved 1105920K
  class space    used 6911K, committed 7040K, reserved 1048576K
}
Event: 64.604 GC heap before
{Heap before GC invocations=45 (full 0):
 garbage-first heap   total 87040K, used 71197K [0x00000000a4a00000, 0x0000000100000000)
  region size 1024K, 19 young (19456K), 2 survivors (2048K)
 Metaspace       used 60578K, committed 60864K, reserved 1105920K
  class space    used 7090K, committed 7232K, reserved 1048576K
}
Event: 64.619 GC heap after
{Heap after GC invocations=46 (full 0):
 garbage-first heap   total 87040K, used 56181K [0x00000000a4a00000, 0x0000000100000000)
  region size 1024K, 3 young (3072K), 3 survivors (3072K)
 Metaspace       used 60578K, committed 60864K, reserved 1105920K
  class space    used 7090K, committed 7232K, reserved 1048576K
}
Event: 67.816 GC heap before
{Heap before GC invocations=47 (full 0):
 garbage-first heap   total 96256K, used 70517K [0x00000000a4a00000, 0x0000000100000000)
  region size 1024K, 17 young (17408K), 3 survivors (3072K)
 Metaspace       used 61433K, committed 61696K, reserved 1105920K
  class space    used 7171K, committed 7296K, reserved 1048576K
}
Event: 67.831 GC heap after
{Heap after GC invocations=48 (full 0):
 garbage-first heap   total 96256K, used 58706K [0x00000000a4a00000, 0x0000000100000000)
  region size 1024K, 3 young (3072K), 3 survivors (3072K)
 Metaspace       used 61433K, committed 61696K, reserved 1105920K
  class space    used 7171K, committed 7296K, reserved 1048576K
}
Event: 68.042 GC heap before
{Heap before GC invocations=48 (full 0):
 garbage-first heap   total 96256K, used 59730K [0x00000000a4a00000, 0x0000000100000000)
  region size 1024K, 4 young (4096K), 3 survivors (3072K)
 Metaspace       used 61606K, committed 61888K, reserved 1105920K
  class space    used 7187K, committed 7296K, reserved 1048576K
}
Event: 68.054 GC heap after
{Heap after GC invocations=49 (full 0):
 garbage-first heap   total 96256K, used 58645K [0x00000000a4a00000, 0x0000000100000000)
  region size 1024K, 1 young (1024K), 1 survivors (1024K)
 Metaspace       used 61606K, committed 61888K, reserved 1105920K
  class space    used 7187K, committed 7296K, reserved 1048576K
}
Event: 69.985 GC heap before
{Heap before GC invocations=49 (full 0):
 garbage-first heap   total 96256K, used 78101K [0x00000000a4a00000, 0x0000000100000000)
  region size 1024K, 20 young (20480K), 1 survivors (1024K)
 Metaspace       used 62079K, committed 62400K, reserved 1105920K
  class space    used 7210K, committed 7360K, reserved 1048576K
}

